<?xml version="1.0" encoding="UTF-8"?>
<!-- Generated by org.testng.reporters.JUnitXMLReporter -->
<testsuite ignored="0" hostname="elihle" failures="0" tests="4" name="MyTests" time="18.992" errors="0" timestamp="2025-09-06T08:40:49 SAST">
  <testcase classname="api.test.StoreTest" name="testPlaceOrder" time="0.435"/>
  <testcase classname="api.test.StoreTest" name="testGetOrderById" time="1.241">
    <skipped/>
  </testcase> <!-- testGetOrderById -->
  <testcase classname="api.test.StoreTest" name="testGetOrderById" time="1.228"/>
  <testcase classname="api.test.StoreTest" name="testGetOrderInventory" time="2.151"/>
</testsuite> <!-- MyTests -->
