<?xml version="1.0" encoding="UTF-8"?>
<!-- Generated by org.testng.reporters.JUnitXMLReporter -->
<testsuite ignored="0" hostname="elihle" failures="0" tests="4" name="MyTests" time="17.63" errors="0" timestamp="2025-09-08T18:14:13 SAST">
  <testcase classname="api.test.StoreTest" name="testPlaceOrder" time="0.444"/>
  <testcase classname="api.test.StoreTest" name="testGetOrderById" time="1.626"/>
  <testcase classname="api.test.StoreTest" name="testGetOrderInventory" time="1.182"/>
  <testcase classname="api.test.StoreTest" name="testDeleteByOrderId" time="2.295"/>
</testsuite> <!-- MyTests -->
