<?xml version="1.0" encoding="UTF-8"?>
<!-- Generated by org.testng.reporters.JUnitXMLReporter -->
<testsuite ignored="0" hostname="elihle" failures="0" tests="10" name="Default test" time="24.757" errors="0" timestamp="2025-10-01T09:26:11 SAST">
  <testcase classname="api.test.PetTest" name="testPetName" time="0.07"/>
  <testcase classname="api.test.PetTest" name="testPetCategory" time="0.076"/>
  <testcase classname="api.test.PetTest" name="testPetTags" time="0.426"/>
  <testcase classname="api.test.PetTest" name="testPetStatus" time="0.064"/>
  <testcase classname="api.test.PetTest" name="testUploadPetImage" time="5.91"/>
  <testcase classname="api.test.PetTest" name="testUpdatePetNameAndTags" time="1.59"/>
  <testcase classname="api.test.PetTest" name="testListPetsByStatus" time="1.2"/>
  <testcase classname="api.test.PetTest" name="testListPetById" time="1.201"/>
  <testcase classname="api.test.PetTest" name="testUpdatePetWithFormData" time="1.417"/>
  <testcase classname="api.test.PetTest" name="testDeletePetById" time="2.425"/>
</testsuite> <!-- Default test -->
