<?xml version="1.0" encoding="UTF-8"?>
<!-- Generated by org.testng.reporters.JUnitXMLReporter -->
<testsuite ignored="0" hostname="elihle" failures="0" tests="21" name="Default test" time="35.63" errors="0" timestamp="2025-09-05T15:47:44 SAST">
  <testcase classname="api.test.PetTest" name="testAddNewPet_return_200_success_statusCode" time="0.081"/>
  <testcase classname="api.test.PetTest" name="testAddNewPet_petId" time="5.735"/>
  <testcase classname="api.test.PetTest" name="testAddNewPet_category_id" time="0.217"/>
  <testcase classname="api.test.PetTest" name="testAddNewPet_category_name" time="0.118"/>
  <testcase classname="api.test.PetTest" name="testAddNewPet_pet_name" time="0.161"/>
  <testcase classname="api.test.PetTest" name="testAddNewPet_pet_photoUrls_firstElement" time="0.813"/>
  <testcase classname="api.test.PetTest" name="testAddNewPet_pet_photoUrls_SecondElement" time="0.284"/>
  <testcase classname="api.test.PetTest" name="testAddNewPet_tags_first_id" time="0.267"/>
  <testcase classname="api.test.PetTest" name="testAddNewPet_tags_first_name" time="0.217"/>
  <testcase classname="api.test.PetTest" name="testAddNewPet_tags_second_id" time="0.257"/>
  <testcase classname="api.test.PetTest" name="testAddNewPet_tags_second_name" time="0.271"/>
  <testcase classname="api.test.PetTest" name="testAddNewPet_status_available" time="0.269"/>
  <testcase classname="api.test.PetTest" name="testUploadPetImage_return_200OK_status_code" time="0.008"/>
  <testcase classname="api.test.PetTest" name="testUploadPetImage_type" time="0.202"/>
  <testcase classname="api.test.PetTest" name="testUploadPetImage_Message" time="0.339"/>
  <testcase classname="api.test.PetTest" name="testUpdate_Pet_name" time="0.05"/>
  <testcase classname="api.test.PetTest" name="testUpdate_Pet_return_200OK_statusCode" time="0.004"/>
  <testcase classname="api.test.PetTest" name="testUpdate_tags_first_name" time="0.128"/>
  <testcase classname="api.test.PetTest" name="testUpdate_tags_second_name" time="0.298"/>
  <testcase classname="api.test.PetTest" name="testListPetsByStatus_return_200OK_status_code" time="0.082"/>
  <testcase classname="api.test.PetTest" name="testListPetsByPetId_return_200OK_status_code" time="0.018"/>
</testsuite> <!-- Default test -->
