<?xml version="1.0" encoding="UTF-8"?>
<testng-results ignored="0" total="9" passed="9" failed="0" skipped="0">
  <reporter-output>
  </reporter-output>
  <suite started-at="2025-09-05T17:35:29 SAST" name="Default suite" finished-at="2025-09-05T17:36:05 SAST" duration-ms="36010">
    <groups>
      <group name="UploadPetImage">
        <method signature="PetTest.testUploadPetImage()[pri:5, instance:api.test.PetTest@1aafa419]" name="testUploadPetImage" class="api.test.PetTest"/>
      </group> <!-- UploadPetImage -->
      <group name="AddPet">
        <method signature="PetTest.testPetName()[pri:1, instance:api.test.PetTest@1aafa419]" name="testPetName" class="api.test.PetTest"/>
        <method signature="PetTest.testPetCategory()[pri:2, instance:api.test.PetTest@1aafa419]" name="testPetCategory" class="api.test.PetTest"/>
        <method signature="PetTest.testPetTags()[pri:3, instance:api.test.PetTest@1aafa419]" name="testPetTags" class="api.test.PetTest"/>
        <method signature="PetTest.testPetStatus()[pri:4, instance:api.test.PetTest@1aafa419]" name="testPetStatus" class="api.test.PetTest"/>
      </group> <!-- AddPet -->
      <group name="UpdatePet">
        <method signature="PetTest.testUpdatePetNameAndTags()[pri:6, instance:api.test.PetTest@1aafa419]" name="testUpdatePetNameAndTags" class="api.test.PetTest"/>
      </group> <!-- UpdatePet -->
      <group name="ListPetsByStatus">
        <method signature="PetTest.testListPetsByStatus()[pri:7, instance:api.test.PetTest@1aafa419]" name="testListPetsByStatus" class="api.test.PetTest"/>
      </group> <!-- ListPetsByStatus -->
      <group name="UpdatePetFormData">
        <method signature="PetTest.testUpdatePetWithFormData()[pri:9, instance:api.test.PetTest@1aafa419]" name="testUpdatePetWithFormData" class="api.test.PetTest"/>
      </group> <!-- UpdatePetFormData -->
      <group name="ListPetById">
        <method signature="PetTest.testListPetById()[pri:8, instance:api.test.PetTest@1aafa419]" name="testListPetById" class="api.test.PetTest"/>
      </group> <!-- ListPetById -->
    </groups>
    <test started-at="2025-09-05T17:35:29 SAST" name="Default test" finished-at="2025-09-05T17:36:05 SAST" duration-ms="36010">
      <class name="api.test.PetTest">
        <test-method is-config="true" signature="setupPet()[pri:0, instance:api.test.PetTest@1aafa419]" started-at="2025-09-05T17:35:29 SAST" name="setupPet" finished-at="2025-09-05T17:35:51 SAST" duration-ms="21535" status="PASS">
          <reporter-output>
          </reporter-output>
        </test-method> <!-- setupPet -->
        <test-method signature="testPetName()[pri:1, instance:api.test.PetTest@1aafa419]" started-at="2025-09-05T17:35:51 SAST" name="testPetName" finished-at="2025-09-05T17:35:51 SAST" duration-ms="87" status="PASS">
          <reporter-output>
          </reporter-output>
        </test-method> <!-- testPetName -->
        <test-method signature="testPetCategory()[pri:2, instance:api.test.PetTest@1aafa419]" started-at="2025-09-05T17:35:51 SAST" name="testPetCategory" finished-at="2025-09-05T17:35:51 SAST" duration-ms="206" status="PASS">
          <reporter-output>
          </reporter-output>
        </test-method> <!-- testPetCategory -->
        <test-method signature="testPetTags()[pri:3, instance:api.test.PetTest@1aafa419]" started-at="2025-09-05T17:35:51 SAST" name="testPetTags" finished-at="2025-09-05T17:35:52 SAST" duration-ms="999" status="PASS">
          <reporter-output>
          </reporter-output>
        </test-method> <!-- testPetTags -->
        <test-method signature="testPetStatus()[pri:4, instance:api.test.PetTest@1aafa419]" started-at="2025-09-05T17:35:53 SAST" name="testPetStatus" finished-at="2025-09-05T17:35:53 SAST" duration-ms="192" status="PASS">
          <reporter-output>
          </reporter-output>
        </test-method> <!-- testPetStatus -->
        <test-method signature="testUploadPetImage()[pri:5, instance:api.test.PetTest@1aafa419]" started-at="2025-09-05T17:35:53 SAST" name="testUploadPetImage" depends-on-groups="AddPet" finished-at="2025-09-05T17:35:59 SAST" duration-ms="5718" status="PASS">
          <reporter-output>
          </reporter-output>
        </test-method> <!-- testUploadPetImage -->
        <test-method signature="testUpdatePetNameAndTags()[pri:6, instance:api.test.PetTest@1aafa419]" started-at="2025-09-05T17:35:59 SAST" name="testUpdatePetNameAndTags" depends-on-groups="UploadPetImage" finished-at="2025-09-05T17:36:00 SAST" duration-ms="1423" status="PASS">
          <reporter-output>
          </reporter-output>
        </test-method> <!-- testUpdatePetNameAndTags -->
        <test-method signature="testListPetsByStatus()[pri:7, instance:api.test.PetTest@1aafa419]" started-at="2025-09-05T17:36:00 SAST" name="testListPetsByStatus" depends-on-groups="UpdatePet" finished-at="2025-09-05T17:36:01 SAST" duration-ms="1188" status="PASS">
          <reporter-output>
          </reporter-output>
        </test-method> <!-- testListPetsByStatus -->
        <test-method signature="testListPetById()[pri:8, instance:api.test.PetTest@1aafa419]" started-at="2025-09-05T17:36:01 SAST" name="testListPetById" depends-on-groups="ListPetsByStatus" finished-at="2025-09-05T17:36:03 SAST" duration-ms="1432" status="PASS">
          <reporter-output>
          </reporter-output>
        </test-method> <!-- testListPetById -->
        <test-method signature="testUpdatePetWithFormData()[pri:9, instance:api.test.PetTest@1aafa419]" started-at="2025-09-05T17:36:03 SAST" name="testUpdatePetWithFormData" depends-on-groups="ListPetById" finished-at="2025-09-05T17:36:05 SAST" duration-ms="2157" status="PASS">
          <reporter-output>
          </reporter-output>
        </test-method> <!-- testUpdatePetWithFormData -->
      </class> <!-- api.test.PetTest -->
    </test> <!-- Default test -->
  </suite> <!-- Default suite -->
</testng-results>
