<?xml version="1.0" encoding="UTF-8"?>
<testng-results ignored="0" total="4" passed="4" failed="0" skipped="0">
  <reporter-output>
  </reporter-output>
  <suite started-at="2025-09-08T18:13:54 SAST" name="MySuite" finished-at="2025-09-08T18:14:12 SAST" duration-ms="17630">
    <groups>
      <group name="PlaceOrder">
        <method signature="StoreTest.testPlaceOrder()[pri:1, instance:api.test.StoreTest@4c39bec8]" name="testPlaceOrder" class="api.test.StoreTest"/>
      </group> <!-- PlaceOrder -->
      <group name="ListOrderByInventory">
        <method signature="StoreTest.testGetOrderInventory()[pri:3, instance:api.test.StoreTest@4c39bec8]" name="testGetOrderInventory" class="api.test.StoreTest"/>
      </group> <!-- ListOrderByInventory -->
      <group name="ListOrderById">
        <method signature="StoreTest.testGetOrderById()[pri:2, instance:api.test.StoreTest@4c39bec8]" name="testGetOrderById" class="api.test.StoreTest"/>
      </group> <!-- ListOrderById -->
      <group name="DeleteByOrderId">
        <method signature="StoreTest.testDeleteByOrderId()[pri:4, instance:api.test.StoreTest@4c39bec8]" name="testDeleteByOrderId" class="api.test.StoreTest"/>
      </group> <!-- DeleteByOrderId -->
    </groups>
    <test started-at="2025-09-08T18:13:54 SAST" name="MyTests" finished-at="2025-09-08T18:14:12 SAST" duration-ms="17630">
      <class name="api.test.StoreTest">
        <test-method is-config="true" signature="setupStore()[pri:0, instance:api.test.StoreTest@4c39bec8]" started-at="2025-09-08T18:13:55 SAST" name="setupStore" finished-at="2025-09-08T18:14:06 SAST" duration-ms="10781" status="PASS">
          <reporter-output>
          </reporter-output>
        </test-method> <!-- setupStore -->
        <test-method signature="testPlaceOrder()[pri:1, instance:api.test.StoreTest@4c39bec8]" started-at="2025-09-08T18:14:06 SAST" name="testPlaceOrder" finished-at="2025-09-08T18:14:07 SAST" duration-ms="444" status="PASS">
          <reporter-output>
          </reporter-output>
        </test-method> <!-- testPlaceOrder -->
        <test-method signature="testGetOrderById()[pri:2, instance:api.test.StoreTest@4c39bec8]" started-at="2025-09-08T18:14:07 SAST" name="testGetOrderById" depends-on-groups="PlaceOrder" finished-at="2025-09-08T18:14:08 SAST" duration-ms="1626" status="PASS">
          <reporter-output>
          </reporter-output>
        </test-method> <!-- testGetOrderById -->
        <test-method signature="testGetOrderInventory()[pri:3, instance:api.test.StoreTest@4c39bec8]" started-at="2025-09-08T18:14:08 SAST" name="testGetOrderInventory" depends-on-groups="ListOrderById" finished-at="2025-09-08T18:14:09 SAST" duration-ms="1182" status="PASS">
          <reporter-output>
          </reporter-output>
        </test-method> <!-- testGetOrderInventory -->
        <test-method signature="testDeleteByOrderId()[pri:4, instance:api.test.StoreTest@4c39bec8]" started-at="2025-09-08T18:14:09 SAST" name="testDeleteByOrderId" depends-on-groups="ListOrderByInventory" finished-at="2025-09-08T18:14:12 SAST" duration-ms="2295" status="PASS">
          <reporter-output>
          </reporter-output>
        </test-method> <!-- testDeleteByOrderId -->
      </class> <!-- api.test.StoreTest -->
    </test> <!-- MyTests -->
  </suite> <!-- MySuite -->
</testng-results>
