<?xml version="1.0" encoding="UTF-8"?>
<testng-results ignored="0" total="2" passed="2" failed="0" skipped="0">
  <reporter-output>
  </reporter-output>
  <suite started-at="2025-09-04T18:45:09 SAST" name="Default suite" finished-at="2025-09-04T18:45:37 SAST" duration-ms="28358">
    <groups>
      <group name="Add new pet">
        <method signature="PetTest.testAddNewPet()[pri:1, instance:api.test.PetTest@74fe5c40]" name="testAddNewPet" class="api.test.PetTest"/>
      </group> <!-- Add new pet -->
      <group name="Upload pet image">
        <method signature="PetTest.testUploadPetImage()[pri:2, instance:api.test.PetTest@74fe5c40]" name="testUploadPetImage" class="api.test.PetTest"/>
      </group> <!-- Upload pet image -->
    </groups>
    <test started-at="2025-09-04T18:45:09 SAST" name="Default test" finished-at="2025-09-04T18:45:37 SAST" duration-ms="28358">
      <class name="api.test.PetTest">
        <test-method is-config="true" signature="addNewPet()[pri:0, instance:api.test.PetTest@74fe5c40]" started-at="2025-09-04T18:45:09 SAST" name="addNewPet" finished-at="2025-09-04T18:45:09 SAST" duration-ms="57" status="PASS">
          <reporter-output>
          </reporter-output>
        </test-method> <!-- addNewPet -->
        <test-method signature="testAddNewPet()[pri:1, instance:api.test.PetTest@74fe5c40]" started-at="2025-09-04T18:45:09 SAST" name="testAddNewPet" finished-at="2025-09-04T18:45:19 SAST" duration-ms="10286" status="PASS">
          <reporter-output>
          </reporter-output>
        </test-method> <!-- testAddNewPet -->
        <test-method is-config="true" signature="uploadPetImage()[pri:0, instance:api.test.PetTest@74fe5c40]" started-at="2025-09-04T18:45:19 SAST" name="uploadPetImage" finished-at="2025-09-04T18:45:19 SAST" duration-ms="0" status="PASS">
          <reporter-output>
          </reporter-output>
        </test-method> <!-- uploadPetImage -->
        <test-method signature="testUploadPetImage()[pri:2, instance:api.test.PetTest@74fe5c40]" started-at="2025-09-04T18:45:19 SAST" name="testUploadPetImage" finished-at="2025-09-04T18:45:37 SAST" duration-ms="17815" status="PASS">
          <reporter-output>
          </reporter-output>
        </test-method> <!-- testUploadPetImage -->
      </class> <!-- api.test.PetTest -->
    </test> <!-- Default test -->
  </suite> <!-- Default suite -->
</testng-results>
