<?xml version="1.0" encoding="UTF-8"?>
<testng-results ignored="0" total="8" passed="8" failed="0" skipped="0">
  <reporter-output>
  </reporter-output>
  <suite started-at="2025-10-02T12:55:48 SAST" name="Default suite" finished-at="2025-10-02T12:56:11 SAST" duration-ms="22175">
    <groups>
      <group name="BatchUsers">
        <method signature="UserTest.testCreateUsersWithList()[pri:5, instance:api.test.UserTest@41a2befb]" name="testCreateUsersWithList" class="api.test.UserTest"/>
        <method signature="UserTest.testCreateUsersWithArray()[pri:6, instance:api.test.UserTest@41a2befb]" name="testCreateUsersWithArray" class="api.test.UserTest"/>
      </group> <!-- BatchUsers -->
      <group name="Auth">
        <method signature="UserTest.testUserLogin()[pri:7, instance:api.test.UserTest@41a2befb]" name="testUserLogin" class="api.test.UserTest"/>
        <method signature="UserTest.testUserLogout()[pri:8, instance:api.test.UserTest@41a2befb]" name="testUserLogout" class="api.test.UserTest"/>
      </group> <!-- Auth -->
      <group name="HappyPath">
        <method signature="UserTest.testCreateNewUser()[pri:1, instance:api.test.UserTest@41a2befb]" name="testCreateNewUser" class="api.test.UserTest"/>
        <method signature="UserTest.testGetExistingUser()[pri:2, instance:api.test.UserTest@41a2befb]" name="testGetExistingUser" class="api.test.UserTest"/>
        <method signature="UserTest.testUpdateExistingUser()[pri:3, instance:api.test.UserTest@41a2befb]" name="testUpdateExistingUser" class="api.test.UserTest"/>
        <method signature="UserTest.testDeleteExistingUser()[pri:4, instance:api.test.UserTest@41a2befb]" name="testDeleteExistingUser" class="api.test.UserTest"/>
      </group> <!-- HappyPath -->
    </groups>
    <test started-at="2025-10-02T12:55:48 SAST" name="Default test" finished-at="2025-10-02T12:56:11 SAST" duration-ms="22175">
      <class name="api.test.UserTest">
        <test-method is-config="true" signature="setupSingleUserData()[pri:0, instance:api.test.UserTest@41a2befb]" started-at="2025-10-02T12:55:49 SAST" name="setupSingleUserData" finished-at="2025-10-02T12:55:50 SAST" duration-ms="906" status="PASS">
          <reporter-output>
          </reporter-output>
        </test-method> <!-- setupSingleUserData -->
        <test-method signature="testCreateNewUser()[pri:1, instance:api.test.UserTest@41a2befb]" started-at="2025-10-02T12:55:50 SAST" name="testCreateNewUser" finished-at="2025-10-02T12:56:00 SAST" duration-ms="10862" status="PASS">
          <reporter-output>
          </reporter-output>
        </test-method> <!-- testCreateNewUser -->
        <test-method signature="testGetExistingUser()[pri:2, instance:api.test.UserTest@41a2befb]" started-at="2025-10-02T12:56:00 SAST" name="testGetExistingUser" finished-at="2025-10-02T12:56:02 SAST" duration-ms="1312" status="PASS">
          <reporter-output>
          </reporter-output>
        </test-method> <!-- testGetExistingUser -->
        <test-method signature="testUpdateExistingUser()[pri:3, instance:api.test.UserTest@41a2befb]" started-at="2025-10-02T12:56:02 SAST" name="testUpdateExistingUser" finished-at="2025-10-02T12:56:04 SAST" duration-ms="2427" status="PASS">
          <reporter-output>
          </reporter-output>
        </test-method> <!-- testUpdateExistingUser -->
        <test-method signature="testDeleteExistingUser()[pri:4, instance:api.test.UserTest@41a2befb]" started-at="2025-10-02T12:56:04 SAST" name="testDeleteExistingUser" finished-at="2025-10-02T12:56:06 SAST" duration-ms="1635" status="PASS">
          <reporter-output>
          </reporter-output>
        </test-method> <!-- testDeleteExistingUser -->
        <test-method is-config="true" signature="setupBatchUsers()[pri:0, instance:api.test.UserTest@41a2befb]" started-at="2025-10-02T12:56:06 SAST" name="setupBatchUsers" finished-at="2025-10-02T12:56:06 SAST" duration-ms="8" status="PASS">
          <reporter-output>
          </reporter-output>
        </test-method> <!-- setupBatchUsers -->
        <test-method signature="testCreateUsersWithList()[pri:5, instance:api.test.UserTest@41a2befb]" started-at="2025-10-02T12:56:06 SAST" name="testCreateUsersWithList" finished-at="2025-10-02T12:56:07 SAST" duration-ms="1143" status="PASS">
          <reporter-output>
          </reporter-output>
        </test-method> <!-- testCreateUsersWithList -->
        <test-method signature="testCreateUsersWithArray()[pri:6, instance:api.test.UserTest@41a2befb]" started-at="2025-10-02T12:56:07 SAST" name="testCreateUsersWithArray" finished-at="2025-10-02T12:56:08 SAST" duration-ms="1336" status="PASS">
          <reporter-output>
          </reporter-output>
        </test-method> <!-- testCreateUsersWithArray -->
        <test-method is-config="true" signature="setupLoginUser()[pri:0, instance:api.test.UserTest@41a2befb]" started-at="2025-10-02T12:56:08 SAST" name="setupLoginUser" finished-at="2025-10-02T12:56:08 SAST" duration-ms="4" status="PASS">
          <reporter-output>
          </reporter-output>
        </test-method> <!-- setupLoginUser -->
        <test-method signature="testUserLogin()[pri:7, instance:api.test.UserTest@41a2befb]" started-at="2025-10-02T12:56:08 SAST" name="testUserLogin" finished-at="2025-10-02T12:56:09 SAST" duration-ms="1142" status="PASS">
          <reporter-output>
          </reporter-output>
        </test-method> <!-- testUserLogin -->
        <test-method signature="testUserLogout()[pri:8, instance:api.test.UserTest@41a2befb]" started-at="2025-10-02T12:56:10 SAST" name="testUserLogout" finished-at="2025-10-02T12:56:11 SAST" duration-ms="1113" status="PASS">
          <reporter-output>
          </reporter-output>
        </test-method> <!-- testUserLogout -->
      </class> <!-- api.test.UserTest -->
    </test> <!-- Default test -->
  </suite> <!-- Default suite -->
</testng-results>
