<?xml version="1.0" encoding="UTF-8"?>
<testng-results ignored="0" total="8" passed="8" failed="0" skipped="0">
  <reporter-output>
  </reporter-output>
  <suite started-at="2025-09-04T11:55:04 SAST" name="Default suite" finished-at="2025-09-04T11:55:31 SAST" duration-ms="27392">
    <groups>
      <group name="Happy path">
        <method signature="UserTest.testCreateNewUser()[pri:1, instance:api.test.UserTest@4009e306]" name="testCreateNewUser" class="api.test.UserTest"/>
        <method signature="UserTest.testGetExistingUser()[pri:2, instance:api.test.UserTest@4009e306]" name="testGetExistingUser" class="api.test.UserTest"/>
        <method signature="UserTest.testUpdateExistingUser()[pri:3, instance:api.test.UserTest@4009e306]" name="testUpdateExistingUser" class="api.test.UserTest"/>
        <method signature="UserTest.testDeleteExistingUser()[pri:4, instance:api.test.UserTest@4009e306]" name="testDeleteExistingUser" class="api.test.UserTest"/>
      </group> <!-- Happy path -->
      <group name="Create users with list and array">
        <method signature="UserTest.testCreateUsersWithList()[pri:5, instance:api.test.UserTest@4009e306]" name="testCreateUsersWithList" class="api.test.UserTest"/>
        <method signature="UserTest.testCreateUsersWithArray()[pri:6, instance:api.test.UserTest@4009e306]" name="testCreateUsersWithArray" class="api.test.UserTest"/>
      </group> <!-- Create users with list and array -->
      <group name="User login">
        <method signature="UserTest.testUserLogin()[pri:7, instance:api.test.UserTest@4009e306]" name="testUserLogin" class="api.test.UserTest"/>
      </group> <!-- User login -->
      <group name="User logout">
        <method signature="UserTest.testUserLogout()[pri:8, instance:api.test.UserTest@4009e306]" name="testUserLogout" class="api.test.UserTest"/>
      </group> <!-- User logout -->
    </groups>
    <test started-at="2025-09-04T11:55:04 SAST" name="Default test" finished-at="2025-09-04T11:55:31 SAST" duration-ms="27392">
      <class name="api.test.UserTest">
        <test-method is-config="true" signature="setupData()[pri:0, instance:api.test.UserTest@4009e306]" started-at="2025-09-04T11:55:04 SAST" name="setupData" finished-at="2025-09-04T11:55:05 SAST" duration-ms="991" status="PASS">
          <reporter-output>
          </reporter-output>
        </test-method> <!-- setupData -->
        <test-method signature="testCreateNewUser()[pri:1, instance:api.test.UserTest@4009e306]" started-at="2025-09-04T11:55:05 SAST" name="testCreateNewUser" finished-at="2025-09-04T11:55:21 SAST" duration-ms="15784" status="PASS">
          <reporter-output>
          </reporter-output>
        </test-method> <!-- testCreateNewUser -->
        <test-method signature="testGetExistingUser()[pri:2, instance:api.test.UserTest@4009e306]" started-at="2025-09-04T11:55:21 SAST" name="testGetExistingUser" finished-at="2025-09-04T11:55:22 SAST" duration-ms="1375" status="PASS">
          <reporter-output>
          </reporter-output>
        </test-method> <!-- testGetExistingUser -->
        <test-method signature="testUpdateExistingUser()[pri:3, instance:api.test.UserTest@4009e306]" started-at="2025-09-04T11:55:22 SAST" name="testUpdateExistingUser" finished-at="2025-09-04T11:55:25 SAST" duration-ms="2357" status="PASS">
          <reporter-output>
          </reporter-output>
        </test-method> <!-- testUpdateExistingUser -->
        <test-method signature="testDeleteExistingUser()[pri:4, instance:api.test.UserTest@4009e306]" started-at="2025-09-04T11:55:25 SAST" name="testDeleteExistingUser" finished-at="2025-09-04T11:55:26 SAST" duration-ms="1269" status="PASS">
          <reporter-output>
          </reporter-output>
        </test-method> <!-- testDeleteExistingUser -->
        <test-method signature="testCreateUsersWithList()[pri:5, instance:api.test.UserTest@4009e306]" started-at="2025-09-04T11:55:26 SAST" name="testCreateUsersWithList" finished-at="2025-09-04T11:55:27 SAST" duration-ms="1199" status="PASS">
          <reporter-output>
          </reporter-output>
        </test-method> <!-- testCreateUsersWithList -->
        <test-method signature="testCreateUsersWithArray()[pri:6, instance:api.test.UserTest@4009e306]" started-at="2025-09-04T11:55:27 SAST" name="testCreateUsersWithArray" finished-at="2025-09-04T11:55:28 SAST" duration-ms="1154" status="PASS">
          <reporter-output>
          </reporter-output>
        </test-method> <!-- testCreateUsersWithArray -->
        <test-method is-config="true" signature="userLogin()[pri:0, instance:api.test.UserTest@4009e306]" started-at="2025-09-04T11:55:28 SAST" name="userLogin" finished-at="2025-09-04T11:55:28 SAST" duration-ms="1" status="PASS">
          <reporter-output>
          </reporter-output>
        </test-method> <!-- userLogin -->
        <test-method signature="testUserLogin()[pri:7, instance:api.test.UserTest@4009e306]" started-at="2025-09-04T11:55:28 SAST" name="testUserLogin" finished-at="2025-09-04T11:55:30 SAST" duration-ms="1766" status="PASS">
          <reporter-output>
          </reporter-output>
        </test-method> <!-- testUserLogin -->
        <test-method signature="testUserLogout()[pri:8, instance:api.test.UserTest@4009e306]" started-at="2025-09-04T11:55:30 SAST" name="testUserLogout" finished-at="2025-09-04T11:55:31 SAST" duration-ms="1205" status="PASS">
          <reporter-output>
          </reporter-output>
        </test-method> <!-- testUserLogout -->
      </class> <!-- api.test.UserTest -->
    </test> <!-- Default test -->
  </suite> <!-- Default suite -->
</testng-results>
